Array
(
    [MNT_TRANSACTION_ID] => 1
)

Array
(
    [MNT_ID] => 78008544
    [MNT_TRANSACTION_ID] => 100000003
    [MNT_OPERATION_ID] => 165675
    [MNT_AMOUNT] => 2.00
    [MNT_CURRENCY_CODE] => RUB
    [MNT_TEST_MODE] => 0
    [MNT_SIGNATURE] => 5023cc5bcc63c1b46fb3607d4434a5b8
    [MNT_USER] => 23203548
    [MNT_CORRACCOUNT] => 23203548
)

Array
(
    [MNT_ID] => 78008544
    [MNT_TRANSACTION_ID] => 100000003
    [MNT_OPERATION_ID] => 165675
    [MNT_AMOUNT] => 2.00
    [MNT_CURRENCY_CODE] => RUB
    [MNT_TEST_MODE] => 0
    [MNT_SIGNATURE] => 5023cc5bcc63c1b46fb3607d4434a5b8
    [MNT_USER] => 23203548
    [MNT_CORRACCOUNT] => 23203548
)

